{"/Users/zakariaaoukaili/Desktop/Back-end/app.js": {"path":"/Users/zakariaaoukaili/Desktop/Back-end/app.js","statementMap":{"0":{"start":{"line":1,"column":0},"end":{"line":1,"column":26}},"1":{"start":{"line":2,"column":16},"end":{"line":2,"column":34}},"2":{"start":{"line":3,"column":12},"end":{"line":3,"column":21}},"3":{"start":{"line":4,"column":15},"end":{"line":4,"column":45}},"4":{"start":{"line":5,"column":13},"end":{"line":5,"column":28}},"5":{"start":{"line":6,"column":15},"end":{"line":6,"column":33}},"6":{"start":{"line":7,"column":18},"end":{"line":7,"column":47}},"7":{"start":{"line":8,"column":24},"end":{"line":8,"column":49}},"8":{"start":{"line":10,"column":17},"end":{"line":10,"column":36}},"9":{"start":{"line":11,"column":0},"end":{"line":14,"column":2}},"10":{"start":{"line":16,"column":0},"end":{"line":16,"column":72}},"11":{"start":{"line":17,"column":0},"end":{"line":17,"column":24}},"12":{"start":{"line":18,"column":0},"end":{"line":18,"column":25}},"13":{"start":{"line":19,"column":0},"end":{"line":19,"column":46}},"14":{"start":{"line":21,"column":0},"end":{"line":21,"column":49}},"15":{"start":{"line":23,"column":0},"end":{"line":23,"column":51}},"16":{"start":{"line":25,"column":0},"end":{"line":25,"column":21}}},"fnMap":{},"branchMap":{},"s":{"0":2,"1":2,"2":2,"3":2,"4":2,"5":2,"6":2,"7":2,"8":2,"9":2,"10":2,"11":2,"12":2,"13":2,"14":2,"15":2,"16":2},"f":{},"b":{},"_coverageSchema":"1a1c01bbd47fc00a2c39e90264f33305004495a9","hash":"d55cbdf47206241add28066f642b0f4bdabfa77e"}
,"/Users/zakariaaoukaili/Desktop/Back-end/controllers/docente.js": {"path":"/Users/zakariaaoukaili/Desktop/Back-end/controllers/docente.js","statementMap":{"0":{"start":{"line":1,"column":16},"end":{"line":1,"column":44}},"1":{"start":{"line":3,"column":22},"end":{"line":14,"column":1}},"2":{"start":{"line":4,"column":18},"end":{"line":4,"column":35}},"3":{"start":{"line":5,"column":4},"end":{"line":5,"column":25}},"4":{"start":{"line":6,"column":18},"end":{"line":13,"column":53}},"5":{"start":{"line":7,"column":8},"end":{"line":12,"column":10}},"6":{"start":{"line":8,"column":12},"end":{"line":8,"column":69}},"7":{"start":{"line":11,"column":12},"end":{"line":11,"column":46}},"8":{"start":{"line":13,"column":35},"end":{"line":13,"column":51}},"9":{"start":{"line":15,"column":0},"end":{"line":17,"column":2}}},"fnMap":{"0":{"name":"(anonymous_0)","decl":{"start":{"line":3,"column":22},"end":{"line":3,"column":23}},"loc":{"start":{"line":3,"column":41},"end":{"line":14,"column":1}},"line":3},"1":{"name":"(anonymous_1)","decl":{"start":{"line":6,"column":82},"end":{"line":6,"column":83}},"loc":{"start":{"line":6,"column":97},"end":{"line":13,"column":5}},"line":6},"2":{"name":"(anonymous_2)","decl":{"start":{"line":13,"column":21},"end":{"line":13,"column":22}},"loc":{"start":{"line":13,"column":34},"end":{"line":13,"column":52}},"line":13}},"branchMap":{"0":{"loc":{"start":{"line":7,"column":8},"end":{"line":12,"column":10}},"type":"if","locations":[{"start":{"line":7,"column":8},"end":{"line":12,"column":10}},{"start":{"line":10,"column":13},"end":{"line":12,"column":10}}],"line":7},"1":{"loc":{"start":{"line":7,"column":12},"end":{"line":7,"column":24}},"type":"binary-expr","locations":[{"start":{"line":7,"column":12},"end":{"line":7,"column":15}},{"start":{"line":7,"column":19},"end":{"line":7,"column":24}}],"line":7}},"s":{"0":2,"1":2,"2":2,"3":2,"4":2,"5":2,"6":1,"7":1,"8":0,"9":2},"f":{"0":2,"1":2,"2":0},"b":{"0":[1,1],"1":[2,2]},"_coverageSchema":"1a1c01bbd47fc00a2c39e90264f33305004495a9","hash":"5b7662c5b36bbae94f2da65ebd7e2063d33d8304"}
,"/Users/zakariaaoukaili/Desktop/Back-end/controllers/filter.js": {"path":"/Users/zakariaaoukaili/Desktop/Back-end/controllers/filter.js","statementMap":{"0":{"start":{"line":1,"column":16},"end":{"line":1,"column":128}},"1":{"start":{"line":2,"column":13},"end":{"line":2,"column":353}},"2":{"start":{"line":5,"column":4},"end":{"line":11,"column":5}},"3":{"start":{"line":5,"column":32},"end":{"line":5,"column":57}},"4":{"start":{"line":6,"column":4},"end":{"line":6,"column":13}},"5":{"start":{"line":7,"column":11},"end":{"line":11,"column":5}},"6":{"start":{"line":7,"column":33},"end":{"line":7,"column":55}},"7":{"start":{"line":8,"column":4},"end":{"line":8,"column":13}},"8":{"start":{"line":10,"column":4},"end":{"line":10,"column":13}},"9":{"start":{"line":14,"column":4},"end":{"line":14,"column":28}}},"fnMap":{"0":{"name":"filter","decl":{"start":{"line":4,"column":9},"end":{"line":4,"column":15}},"loc":{"start":{"line":4,"column":32},"end":{"line":12,"column":5}},"line":4},"1":{"name":"(anonymous_1)","decl":{"start":{"line":5,"column":21},"end":{"line":5,"column":22}},"loc":{"start":{"line":5,"column":32},"end":{"line":5,"column":57}},"line":5},"2":{"name":"(anonymous_2)","decl":{"start":{"line":7,"column":25},"end":{"line":7,"column":26}},"loc":{"start":{"line":7,"column":33},"end":{"line":7,"column":55}},"line":7}},"branchMap":{"0":{"loc":{"start":{"line":5,"column":4},"end":{"line":11,"column":5}},"type":"if","locations":[{"start":{"line":5,"column":4},"end":{"line":11,"column":5}},{"start":{"line":7,"column":11},"end":{"line":11,"column":5}}],"line":5},"1":{"loc":{"start":{"line":7,"column":11},"end":{"line":11,"column":5}},"type":"if","locations":[{"start":{"line":7,"column":11},"end":{"line":11,"column":5}},{"start":{"line":9,"column":11},"end":{"line":11,"column":5}}],"line":7}},"s":{"0":1,"1":1,"2":4,"3":35,"4":1,"5":3,"6":53,"7":1,"8":2,"9":1},"f":{"0":4,"1":35,"2":53},"b":{"0":[1,3],"1":[1,2]},"_coverageSchema":"1a1c01bbd47fc00a2c39e90264f33305004495a9","hash":"402bb881d012832011173b75202b65254f34d2ef"}
,"/Users/zakariaaoukaili/Desktop/Back-end/controllers/informazione.js": {"path":"/Users/zakariaaoukaili/Desktop/Back-end/controllers/informazione.js","statementMap":{"0":{"start":{"line":1,"column":21},"end":{"line":1,"column":54}},"1":{"start":{"line":3,"column":19},"end":{"line":14,"column":1}},"2":{"start":{"line":4,"column":15},"end":{"line":4,"column":29}},"3":{"start":{"line":5,"column":4},"end":{"line":5,"column":22}},"4":{"start":{"line":6,"column":22},"end":{"line":13,"column":53}},"5":{"start":{"line":7,"column":8},"end":{"line":12,"column":10}},"6":{"start":{"line":8,"column":12},"end":{"line":8,"column":73}},"7":{"start":{"line":11,"column":12},"end":{"line":11,"column":46}},"8":{"start":{"line":13,"column":35},"end":{"line":13,"column":51}},"9":{"start":{"line":15,"column":0},"end":{"line":17,"column":2}}},"fnMap":{"0":{"name":"(anonymous_0)","decl":{"start":{"line":3,"column":19},"end":{"line":3,"column":20}},"loc":{"start":{"line":3,"column":39},"end":{"line":14,"column":1}},"line":3},"1":{"name":"(anonymous_1)","decl":{"start":{"line":6,"column":109},"end":{"line":6,"column":110}},"loc":{"start":{"line":6,"column":124},"end":{"line":13,"column":5}},"line":6},"2":{"name":"(anonymous_2)","decl":{"start":{"line":13,"column":21},"end":{"line":13,"column":22}},"loc":{"start":{"line":13,"column":34},"end":{"line":13,"column":52}},"line":13}},"branchMap":{"0":{"loc":{"start":{"line":7,"column":8},"end":{"line":12,"column":10}},"type":"if","locations":[{"start":{"line":7,"column":8},"end":{"line":12,"column":10}},{"start":{"line":10,"column":13},"end":{"line":12,"column":10}}],"line":7},"1":{"loc":{"start":{"line":7,"column":12},"end":{"line":7,"column":24}},"type":"binary-expr","locations":[{"start":{"line":7,"column":12},"end":{"line":7,"column":15}},{"start":{"line":7,"column":19},"end":{"line":7,"column":24}}],"line":7}},"s":{"0":2,"1":2,"2":11,"3":11,"4":11,"5":11,"6":5,"7":6,"8":0,"9":2},"f":{"0":11,"1":11,"2":0},"b":{"0":[5,6],"1":[11,11]},"_coverageSchema":"1a1c01bbd47fc00a2c39e90264f33305004495a9","hash":"659f110f7d1dcc581d09582b8ff9d1d5e177645c"}
,"/Users/zakariaaoukaili/Desktop/Back-end/models/docente.js": {"path":"/Users/zakariaaoukaili/Desktop/Back-end/models/docente.js","statementMap":{"0":{"start":{"line":1,"column":15},"end":{"line":1,"column":34}},"1":{"start":{"line":3,"column":22},"end":{"line":6,"column":2}},"2":{"start":{"line":8,"column":16},"end":{"line":8,"column":67}},"3":{"start":{"line":9,"column":0},"end":{"line":9,"column":24}}},"fnMap":{},"branchMap":{},"s":{"0":2,"1":2,"2":2,"3":2},"f":{},"b":{},"_coverageSchema":"1a1c01bbd47fc00a2c39e90264f33305004495a9","hash":"583fac9aca54d6f15da533d5ed50b1b081cecf42"}
,"/Users/zakariaaoukaili/Desktop/Back-end/models/informazione.js": {"path":"/Users/zakariaaoukaili/Desktop/Back-end/models/informazione.js","statementMap":{"0":{"start":{"line":1,"column":15},"end":{"line":1,"column":34}},"1":{"start":{"line":3,"column":19},"end":{"line":9,"column":2}},"2":{"start":{"line":11,"column":21},"end":{"line":11,"column":79}},"3":{"start":{"line":12,"column":0},"end":{"line":12,"column":29}}},"fnMap":{},"branchMap":{},"s":{"0":2,"1":2,"2":2,"3":2},"f":{},"b":{},"_coverageSchema":"1a1c01bbd47fc00a2c39e90264f33305004495a9","hash":"37f6eb0d79be5a4f41abc70e712971877cacee81"}
,"/Users/zakariaaoukaili/Desktop/Back-end/routes/docente.js": {"path":"/Users/zakariaaoukaili/Desktop/Back-end/routes/docente.js","statementMap":{"0":{"start":{"line":1,"column":16},"end":{"line":1,"column":34}},"1":{"start":{"line":2,"column":16},"end":{"line":2,"column":47}},"2":{"start":{"line":3,"column":15},"end":{"line":3,"column":31}},"3":{"start":{"line":4,"column":26},"end":{"line":4,"column":59}},"4":{"start":{"line":6,"column":0},"end":{"line":6,"column":50}},"5":{"start":{"line":8,"column":0},"end":{"line":8,"column":24}}},"fnMap":{},"branchMap":{},"s":{"0":2,"1":2,"2":2,"3":2,"4":2,"5":2},"f":{},"b":{},"_coverageSchema":"1a1c01bbd47fc00a2c39e90264f33305004495a9","hash":"cba0e51d983781665e4f4a7a2873938216c23558"}
,"/Users/zakariaaoukaili/Desktop/Back-end/routes/informazione.js": {"path":"/Users/zakariaaoukaili/Desktop/Back-end/routes/informazione.js","statementMap":{"0":{"start":{"line":1,"column":16},"end":{"line":1,"column":34}},"1":{"start":{"line":2,"column":21},"end":{"line":2,"column":54}},"2":{"start":{"line":3,"column":15},"end":{"line":3,"column":31}},"3":{"start":{"line":4,"column":23},"end":{"line":4,"column":61}},"4":{"start":{"line":6,"column":0},"end":{"line":6,"column":44}},"5":{"start":{"line":8,"column":0},"end":{"line":8,"column":24}}},"fnMap":{},"branchMap":{},"s":{"0":2,"1":2,"2":2,"3":2,"4":2,"5":2},"f":{},"b":{},"_coverageSchema":"1a1c01bbd47fc00a2c39e90264f33305004495a9","hash":"9c79cc850c7063b970812e7987fcb4032700de66"}
}
