TN:
SF:app.js
FNF:0
FNH:0
DA:1,2
DA:2,2
DA:3,2
DA:4,2
DA:5,2
DA:6,2
DA:7,2
DA:8,2
DA:10,2
DA:11,2
DA:16,2
DA:17,2
DA:18,2
DA:19,2
DA:21,2
DA:23,2
DA:25,2
LF:17
LH:17
BRF:0
BRH:0
end_of_record
TN:
SF:controllers/docente.js
FN:3,(anonymous_0)
FN:6,(anonymous_1)
FN:13,(anonymous_2)
FNF:3
FNH:2
FNDA:2,(anonymous_0)
FNDA:2,(anonymous_1)
FNDA:0,(anonymous_2)
DA:1,2
DA:3,2
DA:4,2
DA:5,2
DA:6,2
DA:7,2
DA:8,1
DA:11,1
DA:13,0
DA:15,2
LF:10
LH:9
BRDA:7,0,0,1
BRDA:7,0,1,1
BRDA:7,1,0,2
BRDA:7,1,1,2
BRF:4
BRH:4
end_of_record
TN:
SF:controllers/informazione.js
FN:3,(anonymous_0)
FN:6,(anonymous_1)
FN:13,(anonymous_2)
FNF:3
FNH:2
FNDA:12,(anonymous_0)
FNDA:12,(anonymous_1)
FNDA:0,(anonymous_2)
DA:1,2
DA:3,2
DA:4,12
DA:5,12
DA:6,12
DA:7,12
DA:8,6
DA:11,6
DA:13,0
DA:15,2
LF:10
LH:9
BRDA:7,0,0,6
BRDA:7,0,1,6
BRDA:7,1,0,12
BRDA:7,1,1,12
BRF:4
BRH:4
end_of_record
TN:
SF:models/docente.js
FNF:0
FNH:0
DA:1,2
DA:3,2
DA:8,2
DA:9,2
LF:4
LH:4
BRF:0
BRH:0
end_of_record
TN:
SF:models/informazione.js
FNF:0
FNH:0
DA:1,2
DA:3,2
DA:11,2
DA:12,2
LF:4
LH:4
BRF:0
BRH:0
end_of_record
TN:
SF:routes/docente.js
FNF:0
FNH:0
DA:1,2
DA:2,2
DA:3,2
DA:4,2
DA:6,2
DA:8,2
LF:6
LH:6
BRF:0
BRH:0
end_of_record
TN:
SF:routes/informazione.js
FNF:0
FNH:0
DA:1,2
DA:2,2
DA:3,2
DA:4,2
DA:6,2
DA:8,2
LF:6
LH:6
BRF:0
BRH:0
end_of_record
