TN:
SF:app.js
FN:22,(anonymous_0)
FNF:1
FNH:0
FNDA:0,(anonymous_0)
DA:1,2
DA:2,2
DA:3,2
DA:4,2
DA:5,2
DA:6,2
DA:7,2
DA:8,2
DA:9,2
DA:10,2
DA:15,2
DA:16,2
DA:17,2
DA:18,2
DA:20,2
DA:22,2
DA:23,0
DA:26,2
DA:28,2
LF:19
LH:18
BRF:0
BRH:0
end_of_record
TN:
SF:controllers/docente.js
FN:3,(anonymous_0)
FN:6,(anonymous_1)
FN:13,(anonymous_2)
FNF:3
FNH:2
FNDA:2,(anonymous_0)
FNDA:2,(anonymous_1)
FNDA:0,(anonymous_2)
DA:1,2
DA:3,2
DA:4,2
DA:5,2
DA:6,2
DA:7,2
DA:8,1
DA:11,1
DA:13,0
DA:15,2
LF:10
LH:9
BRDA:7,0,0,1
BRDA:7,0,1,1
BRDA:7,1,0,2
BRDA:7,1,1,2
BRF:4
BRH:4
end_of_record
TN:
SF:controllers/informazione.js
FN:3,(anonymous_0)
FN:6,(anonymous_1)
FN:13,(anonymous_2)
FNF:3
FNH:2
FNDA:6,(anonymous_0)
FNDA:6,(anonymous_1)
FNDA:0,(anonymous_2)
DA:1,2
DA:3,2
DA:4,6
DA:5,6
DA:6,6
DA:7,6
DA:8,3
DA:11,3
DA:13,0
DA:15,2
LF:10
LH:9
BRDA:7,0,0,3
BRDA:7,0,1,3
BRDA:7,1,0,6
BRDA:7,1,1,6
BRF:4
BRH:4
end_of_record
TN:
SF:models/docente.js
FNF:0
FNH:0
DA:1,2
DA:3,2
DA:8,2
DA:9,2
LF:4
LH:4
BRF:0
BRH:0
end_of_record
TN:
SF:models/informazione.js
FNF:0
FNH:0
DA:1,2
DA:3,2
DA:11,2
DA:12,2
LF:4
LH:4
BRF:0
BRH:0
end_of_record
TN:
SF:routes/docente.js
FNF:0
FNH:0
DA:1,2
DA:2,2
DA:3,2
DA:4,2
DA:6,2
DA:8,2
LF:6
LH:6
BRF:0
BRH:0
end_of_record
TN:
SF:routes/informazione.js
FNF:0
FNH:0
DA:1,2
DA:2,2
DA:3,2
DA:4,2
DA:6,2
DA:8,2
LF:6
LH:6
BRF:0
BRH:0
end_of_record
